<?xml version="1.0" encoding="UTF-8"?>
<!-- Generated by org.testng.reporters.JUnitReportReporter -->
<testsuite skipped="0" hostname="LAPTOP-N0G0NBDP" name="com.qa.testcases.TestCase1" tests="3" failures="0" timestamp="16 Feb 2021 03:39:29 GMT" time="13.385" errors="0">
  <testcase name="WikisearchboxTest" time="3.521" classname="com.qa.testcases.TestCase1"/>
  <testcase name="WikiMainPageTest" time="4.173" classname="com.qa.testcases.TestCase1"/>
  <testcase name="ISTest" time="5.691" classname="com.qa.testcases.TestCase1"/>
</testsuite> <!-- com.qa.testcases.TestCase1 -->
